Program           :  ibdseq r1206  (max memory: 90000 MB)
Start Time        :  03:06 PM PDT on 02 Apr 2020

Parameters
  gt              :  /home/jri/projects/ibd/data/JRIAL1.vcf.gz
  out             :  /home/jri/projects/ibd/data/JRIAL1.vcf.gz.ibdseq.out
  minalleles      :  2
  ibdlod          :  3.0
  ibdtrim         :  0.0
  errormax        :  0.001
  errorprop       :  0.25
  r2window        :  500
  r2max           :  0.15
  nthreads        :  12

Data Statistics
  samples         :  55
  markers         :  21651239
   >= minalleles  :  14974732
   LD-thinned     :  1292084  (6% of markers)
  segments/sample :  506.2
  mean IBD length :  0.05 Mb
  mean IBD depth  :  0.2

Wallclock Time:   :  1 hours 29 minutes 51 seconds
End Time          :  04:35 PM PDT on 02 Apr 2020
