Program           :  ibdne.19Sep19.268.jar
Author            :  Copyright (C) 2015 Brian L. Browning
Available memory  :  30688 MB
Start Time        :  11:02 PM PDT on 06 Apr 2020

Parameters
  map             :  data/ogut.map
  out             :  results/JRIAL1_ne
  mincm           :  0.5
  minregion       :  50.0
  trimcm          :  0.0
  filtersample    :  false
  npairs          :  data dependent
  nits            :  1000
  nboots          :  0
  gmax            :  1200
  seed            :  -99999
  nthreads        :  20

Reading IBD segments               Done (elapsed time: 0 seconds)
Samples           : 55
segments read     : 9864
segments analyzed : 2340

Estimating Ne [original data]      Done (elapsed time: 1 minute 53 seconds)
Estimating Ne [bootstrap samples]

Original  fit 11.1

Elapsed Time      :  1 minute 53 seconds
End Time          :  11:04 PM PDT on 06 Apr 2020
