beagle.25Nov19.28d.jar (version 5.1)
Copyright (C) 2014-2018 Brian L. Browning
Enter "java -jar beagle.25Nov19.28d.jar" to list command line argument
Start time: 08:52 PM PST on 15 Feb 2020

Command line: java -Xmx28000m -jar beagle.25Nov19.28d.jar
  gt=data/LR.allpop.phased.filtered22.5.vcf.gz
  ne=100000
  err=0.001
  nthreads=8
  map=data/ogut.map
  out=results/LR.allpop.phased.filtered.imputed.5

Reference samples:           0
Study samples:              50

Window 1 (5:647-11358174)
Study markers:         180,600

Burnin  iteration 1:           12 seconds
Burnin  iteration 2:           14 seconds
Burnin  iteration 3:           12 seconds
Burnin  iteration 4:           11 seconds
Burnin  iteration 5:           12 seconds
Burnin  iteration 6:           13 seconds

Phasing iteration 1:           16 seconds
Phasing iteration 2:           10 seconds
Phasing iteration 3:           10 seconds
Phasing iteration 4:           9 seconds
Phasing iteration 5:           10 seconds
Phasing iteration 6:           10 seconds
Phasing iteration 7:           11 seconds
Phasing iteration 8:           10 seconds
Phasing iteration 9:           11 seconds
Phasing iteration 10:          11 seconds
Phasing iteration 11:          10 seconds
Phasing iteration 12:          10 seconds

Window 2 (5:9581811-131930012)
Study markers:       2,326,634
