beagle.25Nov19.28d.jar (version 5.1)
Copyright (C) 2014-2018 Brian L. Browning
Enter "java -jar beagle.25Nov19.28d.jar" to list command line argument
Start time: 08:52 PM PST on 15 Feb 2020

Command line: java -Xmx28000m -jar beagle.25Nov19.28d.jar
  gt=data/LR.allpop.phased.filtered22.3.vcf.gz
  ne=100000
  err=0.001
  nthreads=8
  map=data/ogut.map
  out=results/LR.allpop.phased.filtered.imputed.3

Reference samples:           0
Study samples:              50

Window 1 (3:3772-8736303)
Study markers:         150,194

Burnin  iteration 1:           10 seconds
Burnin  iteration 2:           8 seconds
Burnin  iteration 3:           8 seconds
Burnin  iteration 4:           8 seconds
Burnin  iteration 5:           8 seconds
Burnin  iteration 6:           10 seconds

Phasing iteration 1:           10 seconds
Phasing iteration 2:           8 seconds
Phasing iteration 3:           8 seconds
Phasing iteration 4:           7 seconds
Phasing iteration 5:           7 seconds
Phasing iteration 6:           7 seconds
Phasing iteration 7:           7 seconds
Phasing iteration 8:           7 seconds
Phasing iteration 9:           7 seconds
Phasing iteration 10:          7 seconds
Phasing iteration 11:          7 seconds
Phasing iteration 12:          7 seconds

Window 2 (3:7177545-158374065)
Study markers:       3,073,299
