refined-ibd.17Jan20.102.jar
Copyright (C) 2014-2017 Brian L. Browning
Enter java -jar refined-ibd.17Jan20.102.jar to list command line argument
Start time: 10:11 PM PST on 15 Feb 2020

Command line: java -Xmx28000m -jar refined-ibd.17Jan20.102.jar
  gt=results/LR.allpop.phased.filtered.imputed.7.vcf.gz
  out=results/LR.allpop.phased.filtered.imputed.7.refined
  nthreads=8
  map=data/ogut.map
  length=0.5

Samples:                 50         
Model scale:             2.00       

Window 1 (7:2894-11058156)
Markers:                 190,348    
Model construction:      5 seconds
IBD detection:           1 second
Total time:              6 seconds

mean edges/level: 3      max edges/level: 11
mean edges/node:  1.502  mean count/edge: 33

Cumulative Statistics:

Markers:                 190,348    
Model construction:      5 seconds
IBD detection:           1 second
Total time:              8 seconds

End time: 10:11 PM PST on 15 Feb 2020
refined-ibd.17Jan20.102.jar finished
