beagle.25Nov19.28d.jar (version 5.1)
Copyright (C) 2014-2018 Brian L. Browning
Enter "java -jar beagle.25Nov19.28d.jar" to list command line argument
Start time: 08:52 PM PST on 15 Feb 2020

Command line: java -Xmx28000m -jar beagle.25Nov19.28d.jar
  gt=data/LR.allpop.phased.filtered22.9.vcf.gz
  ne=100000
  err=0.001
  nthreads=8
  map=data/ogut.map
  out=results/LR.allpop.phased.filtered.imputed.9

Reference samples:           0
Study samples:              50

Window 1 (9:159-17580518)
Study markers:         347,464

Burnin  iteration 1:           21 seconds
Burnin  iteration 2:           21 seconds
Burnin  iteration 3:           18 seconds
Burnin  iteration 4:           18 seconds
Burnin  iteration 5:           18 seconds
Burnin  iteration 6:           22 seconds

Phasing iteration 1:           22 seconds
Phasing iteration 2:           18 seconds
Phasing iteration 3:           17 seconds
Phasing iteration 4:           18 seconds
Phasing iteration 5:           18 seconds
Phasing iteration 6:           17 seconds
Phasing iteration 7:           17 seconds
Phasing iteration 8:           17 seconds
Phasing iteration 9:           17 seconds
Phasing iteration 10:          17 seconds
Phasing iteration 11:          17 seconds
Phasing iteration 12:          17 seconds

Window 2 (9:15552997-139228909)
Study markers:       2,398,394
