refined-ibd.17Jan20.102.jar
Copyright (C) 2014-2017 Brian L. Browning
Enter java -jar refined-ibd.17Jan20.102.jar to list command line argument
Start time: 10:11 PM PST on 15 Feb 2020

Command line: java -Xmx28000m -jar refined-ibd.17Jan20.102.jar
  gt=results/LR.allpop.phased.filtered.imputed.9.vcf.gz
  out=results/LR.allpop.phased.filtered.imputed.9.refined
  nthreads=8
  map=data/ogut.map
  length=0.5

Samples:                 50         
Model scale:             2.00       

Window 1 (9:159-16747704)
Markers:                 330,419    
Model construction:      9 seconds
IBD detection:           1 second
Total time:              10 seconds

mean edges/level: 3      max edges/level: 11
mean edges/node:  1.471  mean count/edge: 33

Cumulative Statistics:

Markers:                 330,419    
Model construction:      9 seconds
IBD detection:           1 second
Total time:              13 seconds

End time: 10:11 PM PST on 15 Feb 2020
refined-ibd.17Jan20.102.jar finished
