beagle.25Nov19.28d.jar (version 5.1)
Copyright (C) 2014-2018 Brian L. Browning
Enter "java -jar beagle.25Nov19.28d.jar" to list command line argument
Start time: 08:52 PM PST on 15 Feb 2020

Command line: java -Xmx28000m -jar beagle.25Nov19.28d.jar
  gt=data/LR.allpop.phased.filtered22.8.vcf.gz
  ne=100000
  err=0.001
  nthreads=8
  map=data/ogut.map
  out=results/LR.allpop.phased.filtered.imputed.8

Reference samples:           0
Study samples:              50

Window 1 (8:79-17044309)
Study markers:         302,002

Burnin  iteration 1:           15 seconds
Burnin  iteration 2:           14 seconds
Burnin  iteration 3:           14 seconds
Burnin  iteration 4:           14 seconds
Burnin  iteration 5:           14 seconds
Burnin  iteration 6:           17 seconds

Phasing iteration 1:           18 seconds
Phasing iteration 2:           14 seconds
Phasing iteration 3:           14 seconds
Phasing iteration 4:           13 seconds
Phasing iteration 5:           14 seconds
Phasing iteration 6:           13 seconds
Phasing iteration 7:           14 seconds
Phasing iteration 8:           13 seconds
Phasing iteration 9:           14 seconds
Phasing iteration 10:          13 seconds
Phasing iteration 11:          13 seconds
Phasing iteration 12:          13 seconds

Window 2 (8:13899572-150998374)
Study markers:       2,588,554
