beagle.25Nov19.28d.jar (version 5.1)
Copyright (C) 2014-2018 Brian L. Browning
Enter "java -jar beagle.25Nov19.28d.jar" to list command line argument
Start time: 08:52 PM PST on 15 Feb 2020

Command line: java -Xmx28000m -jar beagle.25Nov19.28d.jar
  gt=data/LR.allpop.phased.filtered22.2.vcf.gz
  ne=100000
  err=0.001
  nthreads=8
  map=data/ogut.map
  out=results/LR.allpop.phased.filtered.imputed.2

Reference samples:           0
Study samples:              50

Window 1 (2:7349-12950421)
Study markers:         210,290

Burnin  iteration 1:           15 seconds
Burnin  iteration 2:           13 seconds
Burnin  iteration 3:           12 seconds
Burnin  iteration 4:           13 seconds
Burnin  iteration 5:           12 seconds
Burnin  iteration 6:           15 seconds

Phasing iteration 1:           15 seconds
Phasing iteration 2:           12 seconds
Phasing iteration 3:           11 seconds
Phasing iteration 4:           11 seconds
Phasing iteration 5:           11 seconds
Phasing iteration 6:           11 seconds
Phasing iteration 7:           11 seconds
Phasing iteration 8:           11 seconds
Phasing iteration 9:           11 seconds
Phasing iteration 10:          11 seconds
Phasing iteration 11:          11 seconds
Phasing iteration 12:          11 seconds

Window 2 (2:11594551-54793182)
Study markers:         728,527

Burnin  iteration 1:           41 seconds
Burnin  iteration 2:           44 seconds
Burnin  iteration 3:           43 seconds
Burnin  iteration 4:           42 seconds
Burnin  iteration 5:           42 seconds
Burnin  iteration 6:           51 seconds

