Program           :  ibdne.19Sep19.268.jar
Author            :  Copyright (C) 2015 Brian L. Browning
Available memory  :  30688 MB
Start Time        :  03:55 PM PST on 16 Feb 2020

Parameters
  map             :  data/ogut.map
  out             :  results/ne
  mincm           :  1.0
  minregion       :  50.0
  trimcm          :  0.2
  filtersample    :  true
  npairs          :  data dependent
  nits            :  1000
  nboots          :  0
  gmax            :  600
  seed            :  -99999
  nthreads        :  20

Reading IBD segments               Done (elapsed time: 1 second)
Samples           : 277
segments read     : 327097
segments analyzed : 2268

Estimating Ne [original data]      Done (elapsed time: 59 seconds)
Estimating Ne [bootstrap samples]

Original  fit 7.1

Elapsed Time      :  1 minute 0 seconds
End Time          :  03:56 PM PST on 16 Feb 2020
